Usage: i2c [OPTION...] 
i2c: I2C bus and its devices
  i2c.v0.1.2f
examples:
  i2c --help
  i2c -v
  i2c -v -i 1 -s XYZ
  i2c -V
  i2c --usage

  -c, --resolutionCelcius=VALUE   temperature resolution, e.g. 0x0=0.5°,
                             0x1=0.25°, 0x2=0.125°, 0x3=0.0625°
  -i, --integer=VALUE        bus index, e.g. 1
  -l, --list                 Produce factory lists
  -r, --resolution=VALUE     temperature resolution, e.g. 0x0=0.5°,
                             0x1=0.25°, 0x2=0.125°, 0x3=0.0625°
  -s, --string=STRING        get string (unsed)
  -v, --verbose              Produce verbose output
  -?, --help                 Give this help list
      --usage                Give a short usage message
      --version              Print program version
  -V, --version              Produce version output and exit

Mandatory or optional arguments to long options are also mandatory or optional
for any corresponding short options.

Report bugs to sebastien.coudert@ganil.fr.
